<?xml version="1.0" encoding="UTF-8"?>
<!-- Generated by org.testng.reporters.JUnitReportReporter -->
<testsuite skipped="0" hostname="Zeus-PC" name="Java_cucumber.Java_cucumber.Test" tests="1" failures="0" timestamp="24 Feb 2019 17:16:45 GMT" time="0.013" errors="0">
  <testcase name="getData" time="0.013" classname="Java_cucumber.Java_cucumber.Test"/>
</testsuite> <!-- Java_cucumber.Java_cucumber.Test -->
